time="2025-01-09T16:05:24+08:00" level=info msg="Service start"
time="2025-01-09T16:09:30+08:00" level=info msg="Service start"
time="2025-01-09T18:03:29+08:00" level=info msg="Service start"
time="2025-01-10T13:59:03+08:00" level=info msg="Service start"
time="2025-01-10T14:00:57+08:00" level=info msg="Service start"
time="2025-01-10T14:01:17+08:00" level=info msg="Service start"
time="2025-01-10T14:06:17+08:00" level=info msg="Service start"
time="2025-01-10T14:06:17+08:00" level=error msg="unsupported data"
time="2025-01-10T14:12:35+08:00" level=info msg="Service start"
time="2025-01-10T14:12:35+08:00" level=error msg="unsupported data"
time="2025-01-10T14:17:59+08:00" level=info msg="Service start"
time="2025-01-10T14:17:59+08:00" level=error msg="unsupported data"
time="2025-01-10T14:21:37+08:00" level=info msg="Service start"
time="2025-01-10T14:21:37+08:00" level=error msg="unsupported data"
time="2025-01-10T14:23:42+08:00" level=info msg="Service start"
time="2025-01-10T14:26:02+08:00" level=info msg="Service start"
time="2025-01-10T14:26:03+08:00" level=error msg="unsupported data"
time="2025-01-10T14:27:48+08:00" level=info msg="Service start"
time="2025-01-10T14:27:48+08:00" level=error msg="unsupported data"
time="2025-01-10T14:31:12+08:00" level=info msg="Service start"
time="2025-01-10T14:37:12+08:00" level=info msg="Service start"
time="2025-01-10T14:45:07+08:00" level=info msg="Service start"
time="2025-01-10T14:45:48+08:00" level=info msg="Service start"
time="2025-01-10T14:46:38+08:00" level=info msg="Service start"
time="2025-01-10T14:57:43+08:00" level=info msg="Service start"
time="2025-01-10T14:58:29+08:00" level=info msg="Service start"
time="2025-01-10T15:00:52+08:00" level=info msg="Service start"
time="2025-01-10T15:00:52+08:00" level=error msg="unsupported data"
time="2025-01-10T15:01:53+08:00" level=info msg="Service start"
time="2025-01-10T15:10:24+08:00" level=info msg="Service start"
time="2025-01-10T15:26:37+08:00" level=info msg="Service start"
time="2025-01-10T15:31:47+08:00" level=info msg="Service start"
time="2025-01-10T15:32:13+08:00" level=info msg="Service start"
time="2025-01-22T14:21:25+08:00" level=info msg="Service start"
time="2025-01-22T14:21:25+08:00" level=error msg="open .env: The system cannot find the file specified."
time="2025-01-22T14:25:09+08:00" level=info msg="Service start"
time="2025-01-22T16:44:45+08:00" level=info msg="Service start"
time="2025-01-23T09:48:16+08:00" level=info msg="Service start"
time="2025-01-23T09:50:42+08:00" level=info msg="Service start"
time="2025-01-23T09:52:19+08:00" level=info msg="Service start"
time="2025-01-23T09:54:03+08:00" level=info msg="Service start"
time="2025-01-23T09:54:30+08:00" level=info msg="Service start"
time="2025-01-23T10:38:01+08:00" level=info msg="Service start"
time="2025-01-23T10:39:42+08:00" level=info msg="Service start"
time="2025-01-23T10:42:16+08:00" level=info msg="Service start"
time="2025-01-23T10:43:50+08:00" level=info msg="Service start"
time="2025-01-23T10:48:57+08:00" level=info msg="Service start"
time="2025-01-23T10:49:44+08:00" level=info msg="Service start"
time="2025-01-23T10:50:43+08:00" level=info msg="Service start"
time="2025-01-23T10:51:43+08:00" level=info msg="Service start"
time="2025-01-23T10:51:49+08:00" level=info msg="Start function is 'CheckUser'"
time="2025-01-23T10:51:49+08:00" level=info msg="Start get the user by user account"
time="2025-01-23T10:52:18+08:00" level=info msg="Start function is 'CheckUser'"
time="2025-01-23T10:52:18+08:00" level=info msg="Start get the user by user account"
time="2025-01-23T10:52:51+08:00" level=info msg="Start function is 'CheckUser'"
time="2025-01-23T10:52:51+08:00" level=info msg="Start get the user by user account"
time="2025-01-23T10:56:31+08:00" level=info msg="Service start"
time="2025-01-23T10:56:37+08:00" level=info msg="Start function is 'CheckUser'"
time="2025-01-23T10:56:37+08:00" level=info msg="Start get the user by user account"
time="2025-01-23T10:58:12+08:00" level=info msg="Service start"
time="2025-01-23T10:58:14+08:00" level=info msg="Start function is 'CheckUser'"
time="2025-01-23T10:58:14+08:00" level=info msg="Start get the user by user account"
time="2025-01-23T10:58:14+08:00" level=error msg="record not found"
time="2025-01-23T10:58:14+08:00" level=error msg="&{%!c(string=record not found)}"
time="2025-01-23T10:58:14+08:00" level=error msg="record not found"
time="2025-01-23T10:58:24+08:00" level=info msg="Start function is 'CheckUser'"
time="2025-01-23T10:58:24+08:00" level=info msg="Start get the user by user account"
time="2025-01-23T10:58:24+08:00" level=error msg="record not found"
time="2025-01-23T10:58:24+08:00" level=error msg="&{%!c(string=record not found)}"
time="2025-01-23T10:58:24+08:00" level=error msg="record not found"
time="2025-01-23T11:06:21+08:00" level=info msg="Service start"
time="2025-01-23T11:06:27+08:00" level=info msg="Start function is 'CheckUser'"
time="2025-01-23T11:06:27+08:00" level=info msg="Start get the user by user account"
time="2025-01-23T11:06:27+08:00" level=error msg="record not found"
time="2025-01-23T11:06:27+08:00" level=error msg="&{%!c(string=record not found)}"
time="2025-01-23T11:06:27+08:00" level=error msg="&{%!c(string=record not found)}"
time="2025-01-23T11:06:28+08:00" level=info msg="Start function is 'CheckUser'"
time="2025-01-23T11:06:28+08:00" level=info msg="Start get the user by user account"
time="2025-01-23T11:06:28+08:00" level=error msg="record not found"
time="2025-01-23T11:06:28+08:00" level=error msg="&{%!c(string=record not found)}"
time="2025-01-23T11:06:28+08:00" level=error msg="&{%!c(string=record not found)}"
time="2025-01-23T11:09:23+08:00" level=info msg="Service start"
time="2025-01-23T11:09:28+08:00" level=info msg="Start function is 'CheckUser'"
time="2025-01-23T11:09:28+08:00" level=info msg="Start get the user by user account"
time="2025-01-23T11:09:28+08:00" level=error msg="record not found"
time="2025-01-23T11:09:28+08:00" level=error msg="record not found"
time="2025-01-23T11:09:28+08:00" level=error msg="record not found"
time="2025-01-23T11:17:20+08:00" level=info msg="Service start"
time="2025-01-23T11:17:27+08:00" level=info msg="Start function is 'CheckUser'"
time="2025-01-23T11:17:27+08:00" level=info msg="Start get the user by user account"
time="2025-01-23T11:17:27+08:00" level=error msg="record not found"
time="2025-01-23T11:17:27+08:00" level=error msg="record not found"
time="2025-01-23T11:17:27+08:00" level=error msg="record not found"
time="2025-01-23T11:18:44+08:00" level=info msg="Service start"
time="2025-01-23T11:19:09+08:00" level=info msg="Service start"
time="2025-01-23T16:14:15+08:00" level=info msg="Service start"
time="2025-01-23T17:00:54+08:00" level=info msg="Service start"
time="2025-01-23T17:12:04+08:00" level=info msg="Service start"
time="2025-01-23T17:15:36+08:00" level=info msg="Service start"
time="2025-01-23T17:22:30+08:00" level=info msg="Service start"
time="2025-01-23T17:28:33+08:00" level=info msg="Service start"
time="2025-01-23T17:29:32+08:00" level=info msg="Service start"
time="2025-01-23T17:31:52+08:00" level=info msg="Service start"
time="2025-01-23T17:35:16+08:00" level=info msg="Service start"
time="2025-01-23T17:35:42+08:00" level=info msg="Service start"
time="2025-01-23T17:35:49+08:00" level=info msg="Service start"
time="2025-01-24T12:13:50+08:00" level=info msg="Service start"
